<?xml version="1.0" encoding="UTF-8"?>
<coverage generated="1684408499198" clover="3.2.0">
  <project timestamp="1684408499198" name="All files">
    <metrics statements="28" coveredstatements="21" conditionals="10" coveredconditionals="2" methods="12" coveredmethods="9" elements="50" coveredelements="32" complexity="0" loc="28" ncloc="28" packages="1" files="2" classes="2"/>
    <file name="Taskslist.js" path="C:\Users\THECREW\VscodeWorkspace\Microverse-M2-JS\Microverse-Testing-ToDolist\src\modules\Taskslist.js">
      <metrics statements="25" coveredstatements="18" conditionals="8" coveredconditionals="2" methods="11" coveredmethods="8"/>
      <line num="5" count="6" type="stmt"/>
      <line num="9" count="3" type="stmt"/>
      <line num="10" count="1" type="stmt"/>
      <line num="11" count="1" type="stmt"/>
      <line num="12" count="1" type="stmt"/>
      <line num="13" count="1" type="stmt"/>
      <line num="15" count="1" type="stmt"/>
      <line num="19" count="8" type="stmt"/>
      <line num="20" count="8" type="stmt"/>
      <line num="21" count="8" type="stmt"/>
      <line num="22" count="8" type="stmt"/>
      <line num="30" count="0" type="cond" truecount="0" falsecount="4"/>
      <line num="31" count="0" type="stmt"/>
      <line num="32" count="0" type="stmt"/>
      <line num="33" count="0" type="stmt"/>
      <line num="34" count="0" type="stmt"/>
      <line num="40" count="2" type="cond" truecount="1" falsecount="1"/>
      <line num="41" count="2" type="stmt"/>
      <line num="42" count="2" type="stmt"/>
      <line num="43" count="2" type="stmt"/>
      <line num="44" count="0" type="stmt"/>
      <line num="45" count="0" type="stmt"/>
      <line num="47" count="2" type="stmt"/>
      <line num="52" count="1" type="stmt"/>
      <line num="56" count="1" type="stmt"/>
    </file>
    <file name="tasks.js" path="C:\Users\THECREW\VscodeWorkspace\Microverse-M2-JS\Microverse-Testing-ToDolist\src\modules\tasks.js">
      <metrics statements="3" coveredstatements="3" conditionals="2" coveredconditionals="0" methods="1" coveredmethods="1"/>
      <line num="3" count="8" type="stmt"/>
      <line num="4" count="8" type="stmt"/>
      <line num="5" count="8" type="stmt"/>
    </file>
  </project>
</coverage>
